<?xml version="1.0" encoding="UTF-8"?>
<!-- Generated by org.testng.reporters.JUnitXMLReporter -->
<testsuite ignored="3" hostname="DESKTOP-6L02Q21" failures="0" tests="1" name="Default test" time="8.069" errors="0" timestamp="2025-06-08T10:28:43 IST">
  <testcase classname="testscript.Login" name="invalidUserName" time="1.431"/>
  <testcase classname="testscript.Login" name="invalidPassword" time="0.0">
    <ignored/>
  </testcase> <!-- invalidPassword -->
  <testcase classname="testscript.Login" name="login" time="0.0">
    <ignored/>
  </testcase> <!-- login -->
  <testcase classname="testscript.Login" name="invalidUserNameAndPassword" time="0.0">
    <ignored/>
  </testcase> <!-- invalidUserNameAndPassword -->
</testsuite> <!-- Default test -->
