<?xml version="1.0" encoding="UTF-8"?>
<testng-results ignored="0" total="1" passed="1" failed="0" skipped="0">
  <reporter-output>
  </reporter-output>
  <suite started-at="2025-06-08T10:28:35 IST" name="Default suite" finished-at="2025-06-08T10:28:43 IST" duration-ms="8069">
    <groups>
    </groups>
    <test started-at="2025-06-08T10:28:35 IST" name="Default test" finished-at="2025-06-08T10:28:43 IST" duration-ms="8069">
      <class name="testscript.Login">
        <test-method is-config="true" signature="browserInitialisation()[pri:0, instance:testscript.Login@5b7a5baa]" started-at="2025-06-08T10:28:35 IST" name="browserInitialisation" finished-at="2025-06-08T10:28:41 IST" duration-ms="6539" status="PASS">
          <reporter-output>
          </reporter-output>
        </test-method> <!-- browserInitialisation -->
        <test-method signature="invalidUserName()[pri:0, instance:testscript.Login@5b7a5baa]" started-at="2025-06-08T10:28:41 IST" name="invalidUserName" finished-at="2025-06-08T10:28:43 IST" duration-ms="1431" status="PASS">
          <reporter-output>
          </reporter-output>
        </test-method> <!-- invalidUserName -->
      </class> <!-- testscript.Login -->
    </test> <!-- Default test -->
  </suite> <!-- Default suite -->
</testng-results>
