<?xml version="1.0" encoding="UTF-8"?>
<testng-results ignored="0" total="1" passed="1" failed="0" skipped="0">
  <reporter-output>
  </reporter-output>
  <suite started-at="2025-06-11T07:48:27 IST" name="Default suite" finished-at="2025-06-11T07:48:36 IST" duration-ms="9547">
    <groups>
    </groups>
    <test started-at="2025-06-11T07:48:27 IST" name="Default test" finished-at="2025-06-11T07:48:36 IST" duration-ms="9547">
      <class name="testscript.ManageNewsTest">
        <test-method is-config="true" signature="browserInitialisation()[pri:0, instance:testscript.ManageNewsTest@40a4337a]" started-at="2025-06-11T07:48:27 IST" name="browserInitialisation" finished-at="2025-06-11T07:48:32 IST" duration-ms="4765" status="PASS">
          <reporter-output>
          </reporter-output>
        </test-method> <!-- browserInitialisation -->
        <test-method signature="verifyTheUserIsAbleToEnterTheNews()[pri:0, instance:testscript.ManageNewsTest@40a4337a]" started-at="2025-06-11T07:48:32 IST" name="verifyTheUserIsAbleToEnterTheNews" finished-at="2025-06-11T07:48:36 IST" duration-ms="4712" status="PASS">
          <reporter-output>
          </reporter-output>
        </test-method> <!-- verifyTheUserIsAbleToEnterTheNews -->
      </class> <!-- testscript.ManageNewsTest -->
    </test> <!-- Default test -->
  </suite> <!-- Default suite -->
</testng-results>
