<?xml version="1.0" encoding="UTF-8"?>
<!-- Generated by org.testng.reporters.JUnitXMLReporter -->
<testsuite ignored="5" hostname="DESKTOP-6L02Q21" failures="0" tests="1" name="Test" time="32.113" errors="0" timestamp="2025-06-18T20:30:47 IST">
  <testcase classname="testscript.LoginTest" name="correctUsernameAndIncorrectPassword" time="4.115"/>
  <testcase classname="testscript.LoginTest" name="incorrectUsernameAndIncorrectPassword" time="0.0">
    <ignored/>
  </testcase> <!-- incorrectUsernameAndIncorrectPassword -->
  <testcase classname="testscript.LoginTest" name="invalidUsernameAndCorrectPassword" time="0.0">
    <ignored/>
  </testcase> <!-- invalidUsernameAndCorrectPassword -->
  <testcase classname="testscript.LoginTest" name="verifyTheUserIsAbleToLoginUsingValidCredential" time="0.0">
    <ignored/>
  </testcase> <!-- verifyTheUserIsAbleToLoginUsingValidCredential -->
  <testcase classname="testscript.ManageNewsTest" name="verifyTheUserIsAbleToEnterTheNews" time="0.0">
    <ignored/>
  </testcase> <!-- verifyTheUserIsAbleToEnterTheNews -->
  <testcase classname="testscript.AdminUsersTest" name="verifyTheUserIsAbleToCreateTheAdminUsers" time="0.0">
    <ignored/>
  </testcase> <!-- verifyTheUserIsAbleToCreateTheAdminUsers -->
</testsuite> <!-- Test -->
